#
# There is insufficient memory for the Java Runtime Environment to continue.
# Native memory allocation (mmap) failed to map 1073741824 bytes for G1 virtual space
# Possible reasons:
#   The system is out of physical RAM or swap space
#   The process is running with CompressedOops enabled, and the Java Heap may be blocking the growth of the native heap
# Possible solutions:
#   Reduce memory load on the system
#   Increase physical memory or swap space
#   Check if swap backing store is full
#   Decrease Java heap size (-Xmx/-Xms)
#   Decrease number of Java threads
#   Decrease Java thread stack sizes (-Xss)
#   Set larger code cache with -XX:ReservedCodeCacheSize=
#   JVM is running with Zero Based Compressed Oops mode in which the Java heap is
#     placed in the first 32GB address space. The Java Heap base address is the
#     maximum limit for the native heap growth. Please use -XX:HeapBaseMinAddress
#     to set the Java Heap base and to place the Java Heap above 32GB virtual address.
# This output file may be truncated or incomplete.
#
#  Out of Memory Error (os_windows.cpp:3613), pid=88508, tid=39472
#
# JRE version:  (17.0.9+9) (build )
# Java VM: OpenJDK 64-Bit Server VM (17.0.9+9, mixed mode, sharing, tiered, compressed oops, compressed class ptrs, g1 gc, windows-amd64)
# No core dump will be written. Minidumps are not enabled by default on client versions of Windows
#

---------------  S U M M A R Y ------------

Command Line: -Dfile.encoding=UTF-8 -Dstdout.encoding=UTF-8 -Dstderr.encoding=UTF-8 --module-path=C:\Users\CYBER\eclipse-workspace\javaAdventure\bin -XX:+ShowCodeDetailsInExceptionMessages -Djdk.module.main=javaAdventure javaAdventure/javaAdventure.Main

Host: 12th Gen Intel(R) Core(TM) i9-12900K, 24 cores, 63G,  Windows 11 , 64 bit Build 22621 (10.0.22621.2215)
Time: Fri Mar 29 13:05:44 2024 ora solare Europa occidentale elapsed time: 0.007669 seconds (0d 0h 0m 0s)

---------------  T H R E A D  ---------------

Current thread (0x0000015b08e78fa0):  JavaThread "Unknown thread" [_thread_in_vm, id=39472, stack(0x000000369ad00000,0x000000369ae00000)]

Stack: [0x000000369ad00000,0x000000369ae00000]
Native frames: (J=compiled Java code, j=interpreted, Vv=VM code, C=native code)
V  [jvm.dll+0x67cf49]
V  [jvm.dll+0x83478a]
V  [jvm.dll+0x83624e]
V  [jvm.dll+0x8368b3]
V  [jvm.dll+0x247f1f]
V  [jvm.dll+0x679d69]
V  [jvm.dll+0x66e6ba]
V  [jvm.dll+0x307e5b]
V  [jvm.dll+0x30f306]
V  [jvm.dll+0x35f0ce]
V  [jvm.dll+0x35f2ff]
V  [jvm.dll+0x2dea58]
V  [jvm.dll+0x2df9c4]
V  [jvm.dll+0x806031]
V  [jvm.dll+0x36cf31]
V  [jvm.dll+0x7e4aac]
V  [jvm.dll+0x3f07af]
V  [jvm.dll+0x3f23e1]
C  [jli.dll+0x528f]
C  [ucrtbase.dll+0x29363]
C  [KERNEL32.DLL+0x1257d]
C  [ntdll.dll+0x5aa68]


---------------  P R O C E S S  ---------------

Threads class SMR info:
_java_thread_list=0x00007ffcf128ee98, length=0, elements={
}

Java Threads: ( => current thread )

Other Threads:
  0x0000015b08f2c7c0 GCTaskThread "GC Thread#0" [stack: 0x000000369ae00000,0x000000369af00000] [id=82064]
  0x0000015b08f2de80 ConcurrentGCThread "G1 Main Marker" [stack: 0x000000369af00000,0x000000369b000000] [id=93680]
  0x0000015b08f2e8a0 ConcurrentGCThread "G1 Conc#0" [stack: 0x000000369b000000,0x000000369b100000] [id=105812]

[error occurred during error reporting (printing all threads), id 0xc0000005, EXCEPTION_ACCESS_VIOLATION (0xc0000005) at pc=0x00007ffcf0a4f497]

VM state: not at safepoint (not fully initialized)

VM Mutex/Monitor currently owned by a thread:  ([mutex/lock_event])
[0x0000015b08e73ba0] Heap_lock - owner thread: 0x0000015b08e78fa0

Heap address: 0x0000000402800000, size: 16344 MB, Compressed Oops mode: Zero based, Oop shift amount: 3

CDS archive(s) mapped at: [0x0000000000000000-0x0000000000000000-0x0000000000000000), size 0, SharedBaseAddress: 0x0000000800000000, ArchiveRelocationMode: 1.
Narrow klass base: 0x0000000000000000, Narrow klass shift: 0, Narrow klass range: 0x0

GC Precious Log:
<Empty>

Heap:
 garbage-first heap   total 0K, used 0K [0x0000000402800000, 0x0000000800000000)
  region size 8192K, 0 young (0K), 0 survivors (0K)

[error occurred during error reporting (printing heap information), id 0xc0000005, EXCEPTION_ACCESS_VIOLATION (0xc0000005) at pc=0x00007ffcf0e36c79]

GC Heap History (0 events):
No events

Dll operation events (1 events):
Event: 0.005 Loaded shared library C:\Program Files\eclipse\plugins\org.eclipse.justj.openjdk.hotspot.jre.full.win32.x86_64_17.0.9.v20231028-0858\jre\bin\java.dll

Deoptimization events (0 events):
No events

Classes unloaded (0 events):
No events

Classes redefined (0 events):
No events

Internal exceptions (0 events):
No events

VM Operations (0 events):
No events

Events (0 events):
No events


Dynamic libraries:
0x00007ff6bbd80000 - 0x00007ff6bbd8e000 	C:\Program Files\eclipse\plugins\org.eclipse.justj.openjdk.hotspot.jre.full.win32.x86_64_17.0.9.v20231028-0858\jre\bin\javaw.exe
0x00007ffdd7990000 - 0x00007ffdd7ba4000 	C:\Windows\SYSTEM32\ntdll.dll
0x00007ffdd6070000 - 0x00007ffdd6134000 	C:\Windows\System32\KERNEL32.DLL
0x00007ffdd50c0000 - 0x00007ffdd5464000 	C:\Windows\System32\KERNELBASE.dll
0x00007ffdd4f70000 - 0x00007ffdd5081000 	C:\Windows\System32\ucrtbase.dll
0x00007ffdbe8c0000 - 0x00007ffdbe8d7000 	C:\Program Files\eclipse\plugins\org.eclipse.justj.openjdk.hotspot.jre.full.win32.x86_64_17.0.9.v20231028-0858\jre\bin\jli.dll
0x00007ffdc0560000 - 0x00007ffdc057b000 	C:\Program Files\eclipse\plugins\org.eclipse.justj.openjdk.hotspot.jre.full.win32.x86_64_17.0.9.v20231028-0858\jre\bin\VCRUNTIME140.dll
0x00007ffdd7420000 - 0x00007ffdd75ce000 	C:\Windows\System32\USER32.dll
0x00007ffdbc9d0000 - 0x00007ffdbcc63000 	C:\Windows\WinSxS\amd64_microsoft.windows.common-controls_6595b64144ccf1df_6.0.22621.2215_none_270d72677387dfc3\COMCTL32.dll
0x00007ffdd5090000 - 0x00007ffdd50b6000 	C:\Windows\System32\win32u.dll
0x00007ffdd77d0000 - 0x00007ffdd77f9000 	C:\Windows\System32\GDI32.dll
0x00007ffdd5720000 - 0x00007ffdd57c7000 	C:\Windows\System32\msvcrt.dll
0x00007ffdd4de0000 - 0x00007ffdd4ef8000 	C:\Windows\System32\gdi32full.dll
0x00007ffdd4d40000 - 0x00007ffdd4dda000 	C:\Windows\System32\msvcp_win.dll
0x00007ffdd5b40000 - 0x00007ffdd5b71000 	C:\Windows\System32\IMM32.DLL
0x00007ffdcf5d0000 - 0x00007ffdcf5dc000 	C:\Program Files\eclipse\plugins\org.eclipse.justj.openjdk.hotspot.jre.full.win32.x86_64_17.0.9.v20231028-0858\jre\bin\vcruntime140_1.dll
0x00007ffd97c10000 - 0x00007ffd97c9d000 	C:\Program Files\eclipse\plugins\org.eclipse.justj.openjdk.hotspot.jre.full.win32.x86_64_17.0.9.v20231028-0858\jre\bin\msvcp140.dll
0x00007ffcf0760000 - 0x00007ffcf13c1000 	C:\Program Files\eclipse\plugins\org.eclipse.justj.openjdk.hotspot.jre.full.win32.x86_64_17.0.9.v20231028-0858\jre\bin\server\jvm.dll
0x00007ffdd7800000 - 0x00007ffdd78b0000 	C:\Windows\System32\ADVAPI32.dll
0x00007ffdd6e60000 - 0x00007ffdd6f06000 	C:\Windows\System32\sechost.dll
0x00007ffdd7640000 - 0x00007ffdd7757000 	C:\Windows\System32\RPCRT4.dll
0x00007ffdb50f0000 - 0x00007ffdb50f9000 	C:\Windows\SYSTEM32\WSOCK32.dll
0x00007ffdd3bb0000 - 0x00007ffdd3bfd000 	C:\Windows\SYSTEM32\POWRPROF.dll
0x00007ffdcd520000 - 0x00007ffdcd554000 	C:\Windows\SYSTEM32\WINMM.dll
0x00007ffdd5b80000 - 0x00007ffdd5bf1000 	C:\Windows\System32\WS2_32.dll
0x00007ffdc8720000 - 0x00007ffdc872a000 	C:\Windows\SYSTEM32\VERSION.dll
0x00007ffdd3b90000 - 0x00007ffdd3ba3000 	C:\Windows\SYSTEM32\UMPDC.dll
0x00007ffdd3db0000 - 0x00007ffdd3dc8000 	C:\Windows\SYSTEM32\kernel.appcore.dll
0x00007ffdcf650000 - 0x00007ffdcf65a000 	C:\Program Files\eclipse\plugins\org.eclipse.justj.openjdk.hotspot.jre.full.win32.x86_64_17.0.9.v20231028-0858\jre\bin\jimage.dll
0x00007ffdbe4f0000 - 0x00007ffdbe71e000 	C:\Windows\SYSTEM32\DBGHELP.DLL
0x00007ffdd6970000 - 0x00007ffdd6cfa000 	C:\Windows\System32\combase.dll
0x00007ffdd5850000 - 0x00007ffdd5927000 	C:\Windows\System32\OLEAUT32.dll
0x00007ffdbe820000 - 0x00007ffdbe852000 	C:\Windows\SYSTEM32\dbgcore.DLL
0x00007ffdd5470000 - 0x00007ffdd54ea000 	C:\Windows\System32\bcryptPrimitives.dll
0x00007ffdbb290000 - 0x00007ffdbb2b5000 	C:\Program Files\eclipse\plugins\org.eclipse.justj.openjdk.hotspot.jre.full.win32.x86_64_17.0.9.v20231028-0858\jre\bin\java.dll

dbghelp: loaded successfully - version: 4.0.5 - missing functions: none
symbol engine: initialized successfully - sym options: 0x614 - pdb path: .;C:\Program Files\eclipse\plugins\org.eclipse.justj.openjdk.hotspot.jre.full.win32.x86_64_17.0.9.v20231028-0858\jre\bin;C:\Windows\SYSTEM32;C:\Windows\WinSxS\amd64_microsoft.windows.common-controls_6595b64144ccf1df_6.0.22621.2215_none_270d72677387dfc3;C:\Program Files\eclipse\plugins\org.eclipse.justj.openjdk.hotspot.jre.full.win32.x86_64_17.0.9.v20231028-0858\jre\bin\server

VM Arguments:
jvm_args: -Dfile.encoding=UTF-8 -Dstdout.encoding=UTF-8 -Dstderr.encoding=UTF-8 --module-path=C:\Users\CYBER\eclipse-workspace\javaAdventure\bin -XX:+ShowCodeDetailsInExceptionMessages -Djdk.module.main=javaAdventure 
java_command: javaAdventure/javaAdventure.Main
java_class_path (initial): <not set>
Launcher Type: SUN_STANDARD

[Global flags]
     intx CICompilerCount                          = 12                                        {product} {ergonomic}
     uint ConcGCThreads                            = 5                                         {product} {ergonomic}
     uint G1ConcRefinementThreads                  = 18                                        {product} {ergonomic}
   size_t G1HeapRegionSize                         = 8388608                                   {product} {ergonomic}
    uintx GCDrainStackTargetSize                   = 64                                        {product} {ergonomic}
   size_t InitialHeapSize                          = 1073741824                                {product} {ergonomic}
   size_t MarkStackSize                            = 4194304                                   {product} {ergonomic}
   size_t MaxHeapSize                              = 17137926144                               {product} {ergonomic}
   size_t MinHeapDeltaBytes                        = 8388608                                   {product} {ergonomic}
   size_t MinHeapSize                              = 8388608                                   {product} {ergonomic}
    uintx NonNMethodCodeHeapSize                   = 7602480                                {pd product} {ergonomic}
    uintx NonProfiledCodeHeapSize                  = 122027880                              {pd product} {ergonomic}
    uintx ProfiledCodeHeapSize                     = 122027880                              {pd product} {ergonomic}
    uintx ReservedCodeCacheSize                    = 251658240                              {pd product} {ergonomic}
     bool SegmentedCodeCache                       = true                                      {product} {ergonomic}
     bool ShowCodeDetailsInExceptionMessages       = true                                   {manageable} {command line}
   size_t SoftMaxHeapSize                          = 17137926144                            {manageable} {ergonomic}
     bool UseCompressedClassPointers               = true                           {product lp64_product} {ergonomic}
     bool UseCompressedOops                        = true                           {product lp64_product} {ergonomic}
     bool UseG1GC                                  = true                                      {product} {ergonomic}
     bool UseLargePagesIndividualAllocation        = false                                  {pd product} {ergonomic}

Logging:
Log output configuration:
 #0: stdout all=warning uptime,level,tags
 #1: stderr all=off uptime,level,tags

Environment Variables:
PATH=C:/Program Files/eclipse//plugins/org.eclipse.justj.openjdk.hotspot.jre.full.win32.x86_64_17.0.9.v20231028-0858/jre/bin/server;C:/Program Files/eclipse//plugins/org.eclipse.justj.openjdk.hotspot.jre.full.win32.x86_64_17.0.9.v20231028-0858/jre/bin;C:\Program Files\Common Files\Oracle\Java\javapath;C:\Program Files (x86)\VMware\VMware Workstation\bin\;C:\Program Files\NVIDIA GPU Computing Toolkit\CUDA\v11.7\bin;C:\Program Files\NVIDIA GPU Computing Toolkit\CUDA\v11.7\libnvvp;C:\Program Files (x86)\Common Files\Intel\Shared Libraries\redist\intel64_win\compiler;C:\Program Files (x86)\Common Files\Intel\Shared Libraries\redist\intel64\compiler;C:\Windows\system32;C:\Windows;C:\Windows\System32\Wbem;C:\Windows\System32\WindowsPowerShell\v1.0\;C:\Windows\System32\OpenSSH\;C:\Program Files (x86)\NVIDIA Corporation\PhysX\Common;C:\Program Files\NVIDIA Corporation\NVIDIA NvDLISR;C:\Program Files\PuTTY\;C:\Program Files\nodejs\;C:\ProgramData\chocolatey\bin;C:\Program Files\dotnet\;C:\WINDOWS\system32;C:\WINDOWS;C:\WINDOWS\System32\Wbem;C:\WINDOWS\System32\WindowsPowerShell\v1.0\;C:\WINDOWS\System32\OpenSSH\;C:\Program Files\Microsoft SQL Server\130\Tools\Binn\;C:\Users\CYBER\AppData\Local\Microsoft\WindowsApps;C:\Users\CYBER\AppData\Local\Programs\Microsoft VS Code\bin;C:\Users\CYBER\AppData\Roaming\npm;C:\Users\CYBER\AppData\Local\atom\bin;C:\Users\CYBER\AppData\Local\InfoCert\GoSign Desktop\RAO;C:\Users\;C:\Program Files (x86)\Windows Kits\10\Windows Performance Toolkit\;C:\Program Files\NVIDIA Corporation\Nsight Compute 2022.2.0\;C:\Program Files\Nordic Semiconductor\nrf-command-line-tools\bin\;C:\Program Files\Git\cmd;C:\Program Files (x86)\Eziriz\.NET Reactor;C:\Program Files\Java\jdk-1.8\bin;;C:\Program Files (x86)\PreEmptive Protection Dotfuscator Professional 7.0.0\;C:\Program Files\Docker\Docker\resources\bin;C:\Program Files\MySQL\MySQL Shell 8.0\bin\;C:\Program Files\Java\jdk-1.8\bin;C:\Users\CYBER\AppData\Local\Programs\Microsoft VS Code\bin;C:\Program Files\ec
USERNAME=CYBER
OS=Windows_NT
PROCESSOR_IDENTIFIER=Intel64 Family 6 Model 151 Stepping 2, GenuineIntel
TMP=C:\Users\CYBER\AppData\Local\Temp
TEMP=C:\Users\CYBER\AppData\Local\Temp



Periodic native trim disabled


---------------  S Y S T E M  ---------------

OS:
 Windows 11 , 64 bit Build 22621 (10.0.22621.2215)
OS uptime: 7 days 21:06 hours
Hyper-V role detected

CPU: total 24 (initial active 24) (12 cores per cpu, 2 threads per core) family 6 model 151 stepping 2 microcode 0x25, cx8, cmov, fxsr, ht, mmx, 3dnowpref, sse, sse2, sse3, ssse3, sse4.1, sse4.2, popcnt, lzcnt, tsc, tscinvbit, avx, avx2, aes, erms, clmul, bmi1, bmi2, adx, sha, fma, vzeroupper, clflush, clflushopt, clwb, hv
Processor Information for all 24 processors :
  Max Mhz: 3200, Current Mhz: 3200, Mhz Limit: 3200

Memory: 4k page, system-wide physical 65355M (35898M free)
TotalPageFile size 251544M (AvailPageFile size 936M)
current process WorkingSet (physical memory assigned to process): 12M, peak: 12M
current process commit charge ("private bytes"): 82M, peak: 1105M

vm_info: OpenJDK 64-Bit Server VM (17.0.9+9) for windows-amd64 JRE (17.0.9+9), built on Oct 26 2023 14:01:42 by "admin" with MS VC++ 16.10 / 16.11 (VS2019)

END.
